

> esx-admin-control-panel-map@1.2.1 build /home/runner/work/Admin-esxape-ride/Admin-esxape-ride/apps/admin
> next build

 ⚠ Warning: Next.js inferred your workspace root, but it may not be correct.
 We detected multiple lockfiles and selected the directory of /home/runner/work/Admin-esxape-ride/Admin-esxape-ride/pnpm-lock.yaml as the root directory.
 To silence this warning, set `outputFileTracingRoot` in your Next.js config, or consider removing one of the lockfiles if it's not needed.
   See https://nextjs.org/docs/app/api-reference/config/next-config-js/output#caveats for more information.
 Detected additional lockfiles: 
   * /home/runner/work/Admin-esxape-ride/Admin-esxape-ride/apps/admin/package-lock.json

⚠ No build cache found. Please configure build caching for faster rebuilds. Read more: https://nextjs.org/docs/messages/no-cache
Attention: Next.js now collects completely anonymous telemetry regarding usage.
This information is used to shape Next.js' roadmap and prioritize features.
You can learn more, including how to opt-out if you'd not like to participate in this anonymous program, by visiting the following URL:
https://nextjs.org/telemetry

   ▲ Next.js 15.5.5

   Linting and checking validity of types     ✓ Linting and checking validity of types 
   Creating an optimized production build ...
 ✓ Compiled successfully in 8.4s
   Collecting page data     ✓ Collecting page data 
 ✓ Generating static pages (3/3)
   Collecting build traces     ✓ Collecting build traces 
   Finalizing page optimization     ✓ Finalizing page optimization 

Route (pages)                                Size  First Load JS
┌ ○ /                                     57.8 kB         140 kB
├   /_app                                     0 B          82 kB
├ ƒ /[slug]                                 243 B        82.3 kB
├ ○ /404                                    180 B        82.2 kB
├ ƒ /api/admin-meta                           0 B          82 kB
├ ƒ /api/admin-protection                     0 B          82 kB
├ ƒ /api/change-auth                          0 B          82 kB
├ ƒ /api/config                               0 B          82 kB
├ ƒ /api/content                              0 B          82 kB
├ ƒ /api/delete-game                          0 B          82 kB
├ ƒ /api/feedback                             0 B          82 kB
├ ƒ /api/game                                 0 B          82 kB
├ ƒ /api/game/[slug]                          0 B          82 kB
├ ƒ /api/games                                0 B          82 kB
├ ƒ /api/list-media                           0 B          82 kB
├ ƒ /api/load                                 0 B          82 kB
├ ƒ /api/match/create                         0 B          82 kB
├ ƒ /api/match/join                           0 B          82 kB
├ ƒ /api/media/delete                         0 B          82 kB
├ ƒ /api/media/list                           0 B          82 kB
├ ƒ /api/media/sign                           0 B          82 kB
├ ƒ /api/media/upload                         0 B          82 kB
├ ƒ /api/missions                             0 B          82 kB
├ ƒ /api/publish                              0 B          82 kB
├ ƒ /api/publish-debug                        0 B          82 kB
├ ƒ /api/runs/[slug]                          0 B          82 kB
├ ƒ /api/save                                 0 B          82 kB
├ ƒ /api/save-bundle                          0 B          82 kB
├ ƒ /api/save-config                          0 B          82 kB
├ ƒ /api/save-draft                           0 B          82 kB
├ ƒ /api/save-publish                         0 B          82 kB
├ ƒ /api/sms                                  0 B          82 kB
├ ƒ /api/upload                               0 B          82 kB
├ ƒ /api/vercel-status                        0 B          82 kB
└ ƒ /preview/[slug]                        1.1 kB        83.1 kB
+ First Load JS shared by all             83.1 kB
  ├ chunks/framework-9e074fc6354bf2b8.js  44.9 kB
  ├ chunks/main-ead08ac3ae489efd.js       36.1 kB
  └ other shared chunks (total)            2.2 kB

ƒ Middleware                              34.2 kB

○  (Static)   prerendered as static content
ƒ  (Dynamic)  server-rendered on demand

